Starting Container
npm warn config production Use `--omit=dev` instead.

> bot-data-service@1.0.0 prestart
> npx prisma generate --schema ../prisma/schema.prisma

npm warn config production Use `--omit=dev` instead.
Prisma schema loaded from ../prisma/schema.prisma

✔ Generated Prisma Client (v6.14.0) to ./node_modules/.prisma/client in 219ms

Start by importing your Prisma Client (See: https://pris.ly/d/importing-client)

Tip: Need your database queries to be 1000x faster? Accelerate offers you that and more: https://pris.ly/tip-2-accelerate


> bot-data-service@1.0.0 start
> node dist/main.js

2025-08-16T00:53:24.550419446Z [INFO] Prometheus metrics collection enabled hostname="79c7a2c8afc0" pid=50 time=1755305604544
2025-08-16T00:53:24.875151562Z [INFO] Connected to Redis successfully hostname="79c7a2c8afc0" pid=50 time=1755305604791
2025-08-16T00:53:24.875157636Z [INFO] Redis client ready for operations hostname="79c7a2c8afc0" pid=50 time=1755305604794
2025-08-16T00:53:24.875176494Z [INFO] Connected to PostgreSQL (data-sync) hostname="79c7a2c8afc0" pid=50 time=1755305604816
2025-08-16T00:53:24.875190549Z [INFO] Redis health check passed hostname="79c7a2c8afc0" pid=50 time=1755305604819
2025-08-16T00:53:24.875195891Z [INFO] 🔄 Using cached Beds24 refresh token from Redis hostname="79c7a2c8afc0" pid=50 time=1755305604821
2025-08-16T00:53:24.875201784Z [INFO] ✅ Beds24 write token loaded from cache hostname="79c7a2c8afc0" pid=50 source="redis-cache" time=1755305604821 tokenLength=172
2025-08-16T00:53:24.875207702Z [INFO] ✅ Beds24 client initialized successfully hostname="79c7a2c8afc0" pid=50 time=1755305604821
2025-08-16T00:53:24.875212679Z [INFO] [data-sync] listening on :8080 hostname="79c7a2c8afc0" pid=50 time=1755305604825
2025-08-16T00:54:15.039607485Z [INFO] BEDS24_WEBHOOK_TOKEN not configured, skipping verification hostname="79c7a2c8afc0" pid=50 time=1755305650233
2025-08-16T00:54:15.039613801Z [INFO] Beds24 webhook received action="MODIFY" bookingId=74310746 hostname="79c7a2c8afc0" payload={"booking":{"address":"","allowAutoAction":"enable","allowCancellation":{"type":"propertyDefault"},"allowChannelUpdate":"all","allowReview":"default","apiMessage":"","apiReference":"","apiSource":"Direct","apiSourceId":0,"arrival":"2025-12-12","arrivalTime":"","bookingGroup":null,"bookingTime":"2025-08-15T18:23:22Z","cancelTime":"2025-08-16T00:53:59Z","channel":"direct","city":"","comments":"","commission":0,"company":"","country":"","country2":null,"custom1":"","custom10":"","custom2":"","custom3":"","custom4":"","custom5":"","custom6":"","custom7":"","custom8":"","custom9":"","departure":"2025-12-17","deposit":0,"email":"","fax":"","firstName":"","flagColor":"","flagText":"","groupNote":"","id":74310746,"invoiceeId":null,"lang":"","lastName":"","masterId":null,"message":"","mobile":"","modifiedTime":"2025-08-16T00:53:59Z","notes":"","numAdult":2,"numChild":0,"offerId":1,"phone":"","postcode":"","price":0,"propertyId":240061,"rateDescription":"Oferta 1,","reference":"","referer":"pacartagena","refererEditable":"pacartagena","roomId":506591,"roomQty":1,"state":"","status":"cancelled","statusCode":0,"stripeToken":null,"subStatus":"none","tax":0,"title":"","unitId":1,"voucher":""},"infoItems":[],"invoiceItems":[],"messages":[],"retries":0,"timeStamp":"2025-08-16T00:54:09Z"} pid=50 time=1755305650237 type="beds24:webhook"
2025-08-16T00:54:15.039621095Z [INFO] Webhook job queued action="MODIFY" bookingId=74310746 hostname="79c7a2c8afc0" jobId="beds24-sync-74310746" pid=50 time=1755305650245
2025-08-16T00:54:15.039628949Z [INFO] Beds24 webhook job queued action="MODIFY" bookingId=74310746 hostname="79c7a2c8afc0" jobId="beds24-sync-74310746" pid=50 time=1755305650245
